<?xml version="1.0" encoding="utf-8"?><testsuites name="pytest tests"><testsuite name="pytest" errors="0" failures="0" skipped="0" tests="28" time="4.458" timestamp="2026-08-25T13:43:59.738201+00:00" hostname="agent-env-b10d78c1-85fe-4e66-92a4-0f7772097a2c"><testcase classname="tests.backend_test.TestPipelineAndControls" name="test_settings_get_and_invalid_mode" time="0.555" /><testcase classname="tests.backend_test.TestReadEndpoints" name="test_root" time="0.314" /><testcase classname="tests.backend_test.TestReadEndpoints" name="test_deepseek_status" time="0.090" /><testcase classname="tests.backend_test.TestReadEndpoints" name="test_agents_list" time="0.087" /><testcase classname="tests.backend_test.TestReadEndpoints" name="test_signals_list" time="0.089" /><testcase classname="tests.backend_test.TestPipelineAndControls" name="test_settings_update_persists" time="0.387" /><testcase classname="tests.backend_test.TestReadEndpoints" name="test_signal_detail_404" time="0.129" /><testcase classname="tests.backend_test.TestReadEndpoints" name="test_performance" time="0.079" /><testcase classname="tests.backend_test.TestReadEndpoints" name="test_logs" time="0.083" /><testcase classname="tests.backend_test.TestReadEndpoints" name="test_positions_and_trades" time="0.465" /><testcase classname="tests.backend_test.TestPipelineAndControls" name="test_analysis_run[XAUUSD-M15]" time="0.189" /><testcase classname="tests.backend_test.TestPipelineAndControls" name="test_analysis_run[EURUSD-H4]" time="0.272" /><testcase classname="tests.backend_test.TestReadEndpoints" name="test_run_detail_404" time="0.121" /><testcase classname="tests.backend_test.TestPipelineAndControls" name="test_analysis_run[GBPUSD-M30]" time="0.301" /><testcase classname="tests.backend_test.TestMT5" name="test_status" time="0.088" /><testcase classname="tests.backend_test.TestMT5" name="test_heartbeat_auth" time="0.241" /><testcase classname="tests.backend_test.TestPipelineAndControls" name="test_analysis_run[BTCUSD-H1]" time="0.198" /><testcase classname="tests.backend_test.TestMT5" name="test_pending_signals" time="0.300" /><testcase classname="tests.backend_test.TestPipelineAndControls" name="test_analysis_run[NAS100-H4]" time="0.259" /><testcase classname="tests.backend_test.TestMT5" name="test_ea_file" time="0.082" /><testcase classname="tests.backend_test.TestPipelineAndControls" name="test_analysis_run[EURUSD-M5]" time="0.273" /><testcase classname="tests.backend_test.TestMT5" name="test_executed_unknown_signal" time="0.127" /><testcase classname="tests.backend_test.TestBacktestAndStrategy" name="test_backtest_run" time="0.094" /><testcase classname="tests.backend_test.TestBacktestAndStrategy" name="test_strategy_create_and_lifecycle" time="0.655" /><testcase classname="tests.backend_test.TestPipelineAndControls" name="test_risk_engine_blocks_signal" time="0.468" /><testcase classname="tests.backend_test.TestPipelineAndControls" name="test_emergency_stop_halts_analysis" time="0.503" /><testcase classname="tests.backend_test.TestPipelineAndControls" name="test_close_all_requires_confirm" time="0.166" /><testcase classname="tests.backend_test.TestPipelineAndControls" name="test_final_state_clean" time="0.239" /></testsuite></testsuites>